<?xml version="1.0" encoding="UTF-8"?>
<testsuite name="proyecto.intermodular.requestructure_api.RequestructureApiApplicationTests" tests="1" skipped="0" failures="0" errors="0" timestamp="2026-05-22T19:52:34.854Z" hostname="DESKTOP-DADBIEP" time="47.079">
  <properties/>
  <testcase name="contextLoads()" classname="proyecto.intermodular.requestructure_api.RequestructureApiApplicationTests" time="10.572"/>
  <system-out><![CDATA[21:52:35.383 [Test worker] INFO org.springframework.test.context.support.AnnotationConfigContextLoaderUtils -- Could not detect default configuration classes for test class [proyecto.intermodular.requestructure_api.RequestructureApiApplicationTests]: RequestructureApiApplicationTests does not declare any static, non-private, non-final, nested classes annotated with @Configuration.
21:52:35.751 [Test worker] INFO org.springframework.boot.test.context.SpringBootTestContextBootstrapper -- Found @SpringBootConfiguration proyecto.intermodular.requestructure_api.RequestructureApiApplication for test class proyecto.intermodular.requestructure_api.RequestructureApiApplicationTests
21:52:36.185 [Test worker] INFO org.springframework.test.context.support.AnnotationConfigContextLoaderUtils -- Could not detect default configuration classes for test class [proyecto.intermodular.requestructure_api.RequestructureApiApplicationTests]: RequestructureApiApplicationTests does not declare any static, non-private, non-final, nested classes annotated with @Configuration.
21:52:36.194 [Test worker] INFO org.springframework.boot.test.context.SpringBootTestContextBootstrapper -- Found @SpringBootConfiguration proyecto.intermodular.requestructure_api.RequestructureApiApplication for test class proyecto.intermodular.requestructure_api.RequestructureApiApplicationTests

  .   ____          _            __ _ _
 /\\ / ___'_ __ _ _(_)_ __  __ _ \ \ \ \
( ( )\___ | '_ | '_| | '_ \/ _` | \ \ \ \
 \\/  ___)| |_)| | | | | || (_| |  ) ) ) )
  '  |____| .__|_| |_|_| |_\__, | / / / /
 =========|_|==============|___/=/_/_/_/

 :: Spring Boot ::                (v4.0.6)

2026-05-22T21:52:38.366+02:00  INFO 21176 --- [    Test worker] p.i.r.RequestructureApiApplicationTests  : Starting RequestructureApiApplicationTests using Java 21.0.7 with PID 21176 (started by Pablo in D:\Trabajos de clase\Proyecto\proyectoIntermodular\requestructure-api)
2026-05-22T21:52:38.374+02:00  INFO 21176 --- [    Test worker] p.i.r.RequestructureApiApplicationTests  : No active profile set, falling back to 1 default profile: "default"
2026-05-22T21:52:42.613+02:00  INFO 21176 --- [    Test worker] .s.d.r.c.RepositoryConfigurationDelegate : Bootstrapping Spring Data JPA repositories in DEFAULT mode.
2026-05-22T21:52:42.867+02:00  INFO 21176 --- [    Test worker] .s.d.r.c.RepositoryConfigurationDelegate : Finished Spring Data repository scanning in 222 ms. Found 6 JPA repository interfaces.
2026-05-22T21:52:44.067+02:00  INFO 21176 --- [    Test worker] org.hibernate.orm.jpa                    : HHH008540: Processing PersistenceUnitInfo [name: default]
2026-05-22T21:52:46.255+02:00  INFO 21176 --- [    Test worker] org.hibernate.orm.core                   : HHH000001: Hibernate ORM core version 7.2.12.Final
2026-05-22T21:52:49.103+02:00  INFO 21176 --- [    Test worker] o.s.o.j.p.SpringPersistenceUnitInfo      : No LoadTimeWeaver setup: ignoring JPA class transformer
2026-05-22T21:52:49.153+02:00  INFO 21176 --- [    Test worker] com.zaxxer.hikari.HikariDataSource       : HikariPool-1 - Starting...
2026-05-22T21:52:49.717+02:00  INFO 21176 --- [    Test worker] com.zaxxer.hikari.pool.HikariPool        : HikariPool-1 - Added connection conn0: url=jdbc:h2:mem:requestructure_test user=SA
2026-05-22T21:52:49.719+02:00  INFO 21176 --- [    Test worker] com.zaxxer.hikari.HikariDataSource       : HikariPool-1 - Start completed.
2026-05-22T21:52:49.841+02:00  INFO 21176 --- [    Test worker] org.hibernate.orm.connections.pooling    : HHH10001005: Database info:
	Database JDBC URL [jdbc:h2:mem:requestructure_test]
	Database driver: H2 JDBC Driver
	Database dialect: H2Dialect
	Database version: 2.4.240
	Default catalog/schema: requestructure_test/public
	Autocommit mode: undefined/unknown
	Isolation level: READ_COMMITTED [default READ_COMMITTED]
	JDBC fetch size: 100
	Pool: DataSourceConnectionProvider
	Minimum pool size: undefined/unknown
	Maximum pool size: undefined/unknown
2026-05-22T21:52:54.690+02:00  INFO 21176 --- [    Test worker] org.hibernate.orm.core                   : HHH000489: No JTA platform available (set 'hibernate.transaction.jta.platform' to enable JTA platform integration)
2026-05-22T21:52:54.938+02:00  INFO 21176 --- [    Test worker] j.LocalContainerEntityManagerFactoryBean : Initialized JPA EntityManagerFactory for persistence unit 'default'
2026-05-22T21:52:55.144+02:00  INFO 21176 --- [    Test worker] o.s.d.j.r.query.QueryEnhancerFactories   : Hibernate is in classpath; If applicable, HQL parser will be used.
2026-05-22T21:52:57.096+02:00  WARN 21176 --- [    Test worker] JpaBaseConfiguration$JpaWebConfiguration : spring.jpa.open-in-view is enabled by default. Therefore, database queries may be performed during view rendering. Explicitly configure spring.jpa.open-in-view to disable this warning
2026-05-22T21:53:09.360+02:00  INFO 21176 --- [    Test worker] p.i.r.RequestructureApiApplicationTests  : Started RequestructureApiApplicationTests in 25.87 seconds (process running for 39.715)
]]></system-out>
  <system-err><![CDATA[Mockito is currently self-attaching to enable the inline-mock-maker. This will no longer work in future releases of the JDK. Please add Mockito as an agent to your build as described in Mockito's documentation: https://javadoc.io/doc/org.mockito/mockito-core/latest/org.mockito/org/mockito/Mockito.html#0.3
WARNING: A Java agent has been loaded dynamically (C:\Users\Pablo\.gradle\caches\modules-2\files-2.1\net.bytebuddy\byte-buddy-agent\1.17.8\f09415827a71be7ed621c7bd02550678f28bc81c\byte-buddy-agent-1.17.8.jar)
WARNING: If a serviceability tool is in use, please run with -XX:+EnableDynamicAgentLoading to hide this warning
WARNING: If a serviceability tool is not in use, please run with -Djdk.instrument.traceUsage for more information
WARNING: Dynamic loading of agents will be disallowed by default in a future release
]]></system-err>
</testsuite>
